<?xml version="1.0"?>
<component name="es.rm.platform.test.BaseDoctypeContrib">

	<require>org.nuxeo.ecm.core.CoreExtensions
	</require>

	<extension target="org.nuxeo.ecm.core.schema.TypeService"
		point="doctype">

		<doctype name="TestDocumentType" extends="Document">
			<schema name="common" />
			<schema name="dublincore" />
			<schema name="file" />
			<schema name="files" />
			<facet name="Downloadable" />
			<facet name="Versionable" />
			<facet name="Publishable" />
			<facet name="Indexable" />
			<facet name="Commentable" />
		</doctype>

		<doctype name="MiDocumento" extends="TestDocumentType">
			<schema name="grupofondo" />
		</doctype>

	</extension>

</component>