<?xml version="1.0"?>
<component name="es.rm.platform.TestDoctypeContrib">

	<extension target="org.nuxeo.ecm.core.schema.TypeService"
		point="doctype">

		<doctype name="MiDocumento" extends="Document">
			<schema name="grupofondo" />
		</doctype>
		
	</extension>

</component>